2025-03-03 22:42:11 [main] INFO  org.botcontrol.Main - Telegram bot ishga tushmoqda...
2025-03-03 22:42:11 [main] INFO  org.botcontrol.Main - Bot muvaffaqiyatli ishga tushdi!
2025-03-03 22:42:12 [OkHttp https://api.telegram.org/...] INFO  org.botcontrol.Main - 19 ta yangi update qabul qilindi
2025-03-03 22:42:12 [pool-2-thread-10] INFO  org.botcontrol.botservice.TelegramBotService - Foydalanuvchi xabari: /start
2025-03-03 22:42:12 [pool-2-thread-10] INFO  org.botcontrol.botservice.TelegramBotService - /start komandasi qabul qilindi
2025-03-03 22:42:12 [pool-2-thread-10] ERROR org.botcontrol.botservice.TelegramBotService - ResourceBundle yuklanmagan! Qayta yuklashga harakat qilamiz.
2025-03-03 22:42:12 [pool-2-thread-10] INFO  org.botcontrol.botcommands.botplayer.MainMenuCmd - Kabinet menyusi ko'rsatilmoqda (User: 713181184)
2025-03-03 22:42:12 [pool-2-thread-17] INFO  org.botcontrol.botservice.TelegramBotService - Foydalanuvchi xabari: /start
2025-03-03 22:42:12 [pool-2-thread-17] INFO  org.botcontrol.botservice.TelegramBotService - /start komandasi qabul qilindi
2025-03-03 22:42:12 [pool-2-thread-17] INFO  org.botcontrol.botcommands.botplayer.MainMenuCmd - Kabinet menyusi ko'rsatilmoqda (User: 5267322968)
2025-03-03 22:42:12 [pool-2-thread-12] INFO  org.botcontrol.botservice.TelegramBotService - Foydalanuvchi xabari: /start
2025-03-03 22:42:12 [pool-2-thread-12] INFO  org.botcontrol.botservice.TelegramBotService - /start komandasi qabul qilindi
2025-03-03 22:42:12 [pool-2-thread-12] INFO  org.botcontrol.botcommands.botplayer.MainMenuCmd - Kabinet menyusi ko'rsatilmoqda (User: 5178182766)
2025-03-03 22:42:12 [pool-2-thread-19] INFO  org.botcontrol.botservice.TelegramBotService - Foydalanuvchi xabari: /start
2025-03-03 22:42:12 [pool-2-thread-19] INFO  org.botcontrol.botservice.TelegramBotService - /start komandasi qabul qilindi
2025-03-03 22:42:12 [pool-2-thread-19] INFO  org.botcontrol.botcommands.botplayer.MainMenuCmd - Kabinet menyusi ko'rsatilmoqda (User: 249936488)
2025-03-03 22:42:12 [pool-2-thread-6] INFO  org.botcontrol.botservice.TelegramBotService - Foydalanuvchi xabari: /start
2025-03-03 22:42:12 [pool-2-thread-6] INFO  org.botcontrol.botservice.TelegramBotService - /start komandasi qabul qilindi
2025-03-03 22:42:12 [pool-2-thread-6] WARN  org.botcontrol.botcommands.botplayer.WarningHandlerCmd - Ogohlantirish xabari yuborilmoqda (User: 713181184)
2025-03-03 22:42:12 [pool-2-thread-15] INFO  org.botcontrol.botservice.TelegramBotService - Foydalanuvchi xabari: /start
2025-03-03 22:42:12 [pool-2-thread-15] INFO  org.botcontrol.botservice.TelegramBotService - /start komandasi qabul qilindi
2025-03-03 22:42:12 [pool-2-thread-15] WARN  org.botcontrol.botcommands.botplayer.WarningHandlerCmd - Ogohlantirish xabari yuborilmoqda (User: 5178182766)
2025-03-03 22:42:12 [pool-2-thread-11] INFO  org.botcontrol.botservice.TelegramBotService - Foydalanuvchi xabari: /start
2025-03-03 22:42:12 [pool-2-thread-11] INFO  org.botcontrol.botservice.TelegramBotService - /start komandasi qabul qilindi
2025-03-03 22:42:12 [pool-2-thread-11] WARN  org.botcontrol.botcommands.botplayer.WarningHandlerCmd - Ogohlantirish xabari yuborilmoqda (User: 713181184)
2025-03-03 22:42:12 [pool-2-thread-6] INFO  org.botcontrol.botcommands.botplayer.MainMenuCmd - Kabinet menyusi ko'rsatilmoqda (User: 713181184)
2025-03-03 22:42:12 [pool-2-thread-7] INFO  org.botcontrol.botservice.TelegramBotService - Foydalanuvchi xabari: /start
2025-03-03 22:42:12 [pool-2-thread-7] INFO  org.botcontrol.botservice.TelegramBotService - /start komandasi qabul qilindi
2025-03-03 22:42:12 [pool-2-thread-7] WARN  org.botcontrol.botcommands.botplayer.WarningHandlerCmd - Ogohlantirish xabari yuborilmoqda (User: 713181184)
2025-03-03 22:42:12 [pool-2-thread-1] INFO  org.botcontrol.botservice.TelegramBotService - Foydalanuvchi xabari: /start
2025-03-03 22:42:12 [pool-2-thread-1] INFO  org.botcontrol.botservice.TelegramBotService - /start komandasi qabul qilindi
2025-03-03 22:42:12 [pool-2-thread-1] WARN  org.botcontrol.botcommands.botplayer.WarningHandlerCmd - Ogohlantirish xabari yuborilmoqda (User: 6513286717)
2025-03-03 22:42:12 [pool-2-thread-11] INFO  org.botcontrol.botcommands.botplayer.MainMenuCmd - Kabinet menyusi ko'rsatilmoqda (User: 713181184)
2025-03-03 22:42:12 [pool-2-thread-15] INFO  org.botcontrol.botcommands.botplayer.MainMenuCmd - Kabinet menyusi ko'rsatilmoqda (User: 5178182766)
2025-03-03 22:42:13 [pool-2-thread-12] INFO  org.botcontrol.botservice.dbservice.DB - ✅ message_id yangilandi: userId=5178182766, messageId=4450
2025-03-03 22:42:13 [pool-2-thread-17] INFO  org.botcontrol.botservice.dbservice.DB - ✅ message_id yangilandi: userId=5267322968, messageId=4451
2025-03-03 22:42:13 [pool-2-thread-19] INFO  org.botcontrol.botservice.dbservice.DB - ✅ message_id yangilandi: userId=249936488, messageId=4452
2025-03-03 22:42:13 [pool-2-thread-10] INFO  org.botcontrol.botservice.dbservice.DB - ✅ message_id yangilandi: userId=713181184, messageId=4449
2025-03-03 22:42:13 [pool-2-thread-7] INFO  org.botcontrol.botcommands.botplayer.MainMenuCmd - Kabinet menyusi ko'rsatilmoqda (User: 713181184)
2025-03-03 22:42:13 [pool-2-thread-9] INFO  org.botcontrol.botservice.TelegramBotService - Foydalanuvchi xabari: /start
2025-03-03 22:42:13 [pool-2-thread-9] INFO  org.botcontrol.botservice.TelegramBotService - /start komandasi qabul qilindi
2025-03-03 22:42:13 [pool-2-thread-9] WARN  org.botcontrol.botcommands.botplayer.WarningHandlerCmd - Ogohlantirish xabari yuborilmoqda (User: 713181184)
2025-03-03 22:42:13 [pool-2-thread-1] INFO  org.botcontrol.botcommands.botplayer.MainMenuCmd - Kabinet menyusi ko'rsatilmoqda (User: 6513286717)
2025-03-03 22:42:13 [pool-2-thread-8] INFO  org.botcontrol.botservice.TelegramBotService - Foydalanuvchi xabari: /start
2025-03-03 22:42:13 [pool-2-thread-8] INFO  org.botcontrol.botservice.TelegramBotService - /start komandasi qabul qilindi
2025-03-03 22:42:13 [pool-2-thread-8] WARN  org.botcontrol.botcommands.botplayer.WarningHandlerCmd - Ogohlantirish xabari yuborilmoqda (User: 713181184)
2025-03-03 22:42:13 [pool-2-thread-9] INFO  org.botcontrol.botcommands.botplayer.MainMenuCmd - Kabinet menyusi ko'rsatilmoqda (User: 713181184)
2025-03-03 22:42:13 [pool-2-thread-13] INFO  org.botcontrol.botservice.TelegramBotService - Foydalanuvchi xabari: /start
2025-03-03 22:42:13 [pool-2-thread-13] INFO  org.botcontrol.botservice.TelegramBotService - /start komandasi qabul qilindi
2025-03-03 22:42:13 [pool-2-thread-13] WARN  org.botcontrol.botcommands.botplayer.WarningHandlerCmd - Ogohlantirish xabari yuborilmoqda (User: 5178182766)
2025-03-03 22:42:13 [pool-2-thread-14] INFO  org.botcontrol.botservice.TelegramBotService - Foydalanuvchi xabari: /start
2025-03-03 22:42:13 [pool-2-thread-14] INFO  org.botcontrol.botservice.TelegramBotService - /start komandasi qabul qilindi
2025-03-03 22:42:13 [pool-2-thread-14] WARN  org.botcontrol.botcommands.botplayer.WarningHandlerCmd - Ogohlantirish xabari yuborilmoqda (User: 5178182766)
2025-03-03 22:42:13 [pool-2-thread-8] INFO  org.botcontrol.botcommands.botplayer.MainMenuCmd - Kabinet menyusi ko'rsatilmoqda (User: 713181184)
2025-03-03 22:42:13 [pool-2-thread-6] INFO  org.botcontrol.botservice.dbservice.DB - ✅ message_id yangilandi: userId=713181184, messageId=4453
2025-03-03 22:42:13 [pool-2-thread-16] INFO  org.botcontrol.botservice.TelegramBotService - Foydalanuvchi xabari: /start
2025-03-03 22:42:13 [pool-2-thread-16] INFO  org.botcontrol.botservice.TelegramBotService - /start komandasi qabul qilindi
2025-03-03 22:42:13 [pool-2-thread-16] WARN  org.botcontrol.botcommands.botplayer.WarningHandlerCmd - Ogohlantirish xabari yuborilmoqda (User: 5178182766)
2025-03-03 22:42:13 [pool-2-thread-13] INFO  org.botcontrol.botcommands.botplayer.MainMenuCmd - Kabinet menyusi ko'rsatilmoqda (User: 5178182766)
2025-03-03 22:42:13 [pool-2-thread-15] INFO  org.botcontrol.botservice.dbservice.DB - ✅ message_id yangilandi: userId=5178182766, messageId=4454
2025-03-03 22:42:13 [pool-2-thread-11] INFO  org.botcontrol.botservice.dbservice.DB - ✅ message_id yangilandi: userId=713181184, messageId=4455
2025-03-03 22:42:13 [pool-2-thread-7] INFO  org.botcontrol.botservice.dbservice.DB - ✅ message_id yangilandi: userId=713181184, messageId=4456
2025-03-03 22:42:13 [pool-2-thread-1] INFO  org.botcontrol.botservice.dbservice.DB - ✅ message_id yangilandi: userId=6513286717, messageId=4457
2025-03-03 22:42:13 [pool-2-thread-18] INFO  org.botcontrol.botservice.TelegramBotService - Foydalanuvchi xabari: /start
2025-03-03 22:42:13 [pool-2-thread-18] INFO  org.botcontrol.botservice.TelegramBotService - /start komandasi qabul qilindi
2025-03-03 22:42:13 [pool-2-thread-18] INFO  org.botcontrol.botcommands.botplayer.MainMenuCmd - Kabinet menyusi ko'rsatilmoqda (User: 249936488)
2025-03-03 22:42:13 [pool-2-thread-9] INFO  org.botcontrol.botservice.dbservice.DB - ✅ message_id yangilandi: userId=713181184, messageId=4458
2025-03-03 22:42:13 [pool-2-thread-14] INFO  org.botcontrol.botcommands.botplayer.MainMenuCmd - Kabinet menyusi ko'rsatilmoqda (User: 5178182766)
2025-03-03 22:42:13 [OkHttp https://api.telegram.org/...] INFO  org.botcontrol.Main - 1 ta yangi update qabul qilindi
2025-03-03 22:42:13 [pool-2-thread-8] INFO  org.botcontrol.botservice.dbservice.DB - ✅ message_id yangilandi: userId=713181184, messageId=4460
2025-03-03 22:42:13 [pool-2-thread-20] INFO  org.botcontrol.botservice.TelegramBotService - Foydalanuvchi xabari: /start
2025-03-03 22:42:13 [pool-2-thread-20] INFO  org.botcontrol.botservice.TelegramBotService - /start komandasi qabul qilindi
2025-03-03 22:42:13 [pool-2-thread-20] WARN  org.botcontrol.botcommands.botplayer.WarningHandlerCmd - Ogohlantirish xabari yuborilmoqda (User: 6513286717)
2025-03-03 22:42:13 [pool-2-thread-16] INFO  org.botcontrol.botcommands.botplayer.MainMenuCmd - Kabinet menyusi ko'rsatilmoqda (User: 5178182766)
2025-03-03 22:42:13 [pool-2-thread-13] INFO  org.botcontrol.botservice.dbservice.DB - ✅ message_id yangilandi: userId=5178182766, messageId=4461
2025-03-03 22:42:13 [pool-2-thread-18] INFO  org.botcontrol.botservice.dbservice.DB - ✅ message_id yangilandi: userId=249936488, messageId=4462
2025-03-03 22:42:13 [pool-2-thread-14] INFO  org.botcontrol.botservice.dbservice.DB - ✅ message_id yangilandi: userId=5178182766, messageId=4463
2025-03-03 22:42:13 [pool-2-thread-20] INFO  org.botcontrol.botcommands.botplayer.MainMenuCmd - Kabinet menyusi ko'rsatilmoqda (User: 6513286717)
2025-03-03 22:42:13 [pool-2-thread-16] INFO  org.botcontrol.botservice.dbservice.DB - ✅ message_id yangilandi: userId=5178182766, messageId=4464
2025-03-03 22:42:13 [pool-2-thread-20] INFO  org.botcontrol.botservice.dbservice.DB - ✅ message_id yangilandi: userId=6513286717, messageId=4465
2025-03-03 22:42:15 [OkHttp https://api.telegram.org/...] INFO  org.botcontrol.Main - 1 ta yangi update qabul qilindi
2025-03-03 22:42:15 [pool-2-thread-21] INFO  org.botcontrol.botservice.TelegramBotService - Foydalanuvchi xabari: /start
2025-03-03 22:42:15 [pool-2-thread-21] INFO  org.botcontrol.botservice.TelegramBotService - /start komandasi qabul qilindi
2025-03-03 22:42:15 [pool-2-thread-21] WARN  org.botcontrol.botcommands.botplayer.WarningHandlerCmd - Ogohlantirish xabari yuborilmoqda (User: 6513286717)
2025-03-03 22:42:15 [pool-2-thread-21] INFO  org.botcontrol.botcommands.botplayer.MainMenuCmd - Kabinet menyusi ko'rsatilmoqda (User: 6513286717)
2025-03-03 22:42:16 [pool-2-thread-21] INFO  org.botcontrol.botservice.dbservice.DB - ✅ message_id yangilandi: userId=6513286717, messageId=4467
2025-03-03 22:42:29 [OkHttp https://api.telegram.org/...] INFO  org.botcontrol.Main - 1 ta yangi update qabul qilindi
2025-03-03 22:42:29 [pool-2-thread-22] INFO  org.botcontrol.botcommands.botplayer.SelectionSymbolCmd - Belgi tanlash menyusi ko'rsatilmoqda (User: 249936488)
2025-03-03 22:42:29 [pool-2-thread-22] INFO  org.botcontrol.botservice.dbservice.DB - ✅ message_id yangilandi: userId=249936488, messageId=4462
2025-03-03 22:42:29 [pool-2-thread-22] INFO  org.botcontrol.botservice.dbservice.DB - ✅ user_state yangilandi: SYMBOL_CHOOSING
2025-03-03 22:42:35 [OkHttp https://api.telegram.org/...] INFO  org.botcontrol.Main - 1 ta yangi update qabul qilindi
2025-03-03 22:42:35 [pool-2-thread-23] INFO  org.botcontrol.botcommands.botplayer.StatisticsCmd - Statistika ko'rsatilmoqda (User: 249936488)
2025-03-03 22:42:35 [pool-2-thread-23] INFO  org.botcontrol.botservice.dbservice.DB - ✅ message_id yangilandi: userId=249936488, messageId=4462
2025-03-03 22:42:35 [pool-2-thread-23] INFO  org.botcontrol.botservice.dbservice.DB - ✅ user_state yangilandi: CABINET
2025-03-03 22:42:39 [OkHttp https://api.telegram.org/...] INFO  org.botcontrol.Main - 1 ta yangi update qabul qilindi
2025-03-03 22:42:39 [pool-2-thread-24] INFO  org.botcontrol.botservice.dbservice.DB - ✅ message_id yangilandi: userId=249936488, messageId=4462
2025-03-03 22:42:39 [pool-2-thread-24] INFO  org.botcontrol.botservice.dbservice.DB - ✅ user_state yangilandi: LEVEL_DIFFICULTY_CABINET
2025-03-03 22:42:45 [OkHttp https://api.telegram.org/...] INFO  org.botcontrol.Main - 1 ta yangi update qabul qilindi
2025-03-03 22:42:45 [pool-2-thread-25] INFO  org.botcontrol.botservice.TelegramBotService - Foydalanuvchi xabari: /start
2025-03-03 22:42:45 [pool-2-thread-25] INFO  org.botcontrol.botservice.TelegramBotService - /start komandasi qabul qilindi
2025-03-03 22:42:45 [pool-2-thread-25] WARN  org.botcontrol.botcommands.botplayer.WarningHandlerCmd - Ogohlantirish xabari yuborilmoqda (User: 6513286717)
2025-03-03 22:42:45 [pool-2-thread-25] INFO  org.botcontrol.botcommands.botplayer.MainMenuCmd - Kabinet menyusi ko'rsatilmoqda (User: 6513286717)
2025-03-03 22:42:45 [OkHttp https://api.telegram.org/...] INFO  org.botcontrol.Main - 1 ta yangi update qabul qilindi
2025-03-03 22:42:45 [pool-2-thread-25] INFO  org.botcontrol.botservice.dbservice.DB - ✅ message_id yangilandi: userId=6513286717, messageId=4469
2025-03-03 22:42:45 [pool-2-thread-26] INFO  org.botcontrol.botservice.dbservice.DB - ✅ Qiyinchilik darajasi yangilandi: medium
2025-03-03 22:42:45 [pool-2-thread-26] INFO  org.botcontrol.botservice.dbservice.DB - ✅ message_id yangilandi: userId=249936488, messageId=4462
2025-03-03 22:42:45 [pool-2-thread-26] INFO  org.botcontrol.botservice.dbservice.DB - ✅ user_state yangilandi: CHANGE_DIFFICULTY_LEVEL
2025-03-03 22:42:46 [OkHttp https://api.telegram.org/...] INFO  org.botcontrol.Main - 1 ta yangi update qabul qilindi
2025-03-03 22:42:46 [pool-2-thread-27] INFO  org.botcontrol.botcommands.botplayer.SelectionSymbolCmd - Belgi tanlash menyusi ko'rsatilmoqda (User: 6513286717)
2025-03-03 22:42:46 [pool-2-thread-27] INFO  org.botcontrol.botservice.dbservice.DB - ✅ message_id yangilandi: userId=6513286717, messageId=4469
2025-03-03 22:42:46 [pool-2-thread-27] INFO  org.botcontrol.botservice.dbservice.DB - ✅ user_state yangilandi: SYMBOL_CHOOSING
2025-03-03 22:42:52 [OkHttp https://api.telegram.org/...] INFO  org.botcontrol.Main - 1 ta yangi update qabul qilindi
2025-03-03 22:42:52 [pool-2-thread-28] INFO  org.botcontrol.botservice.TelegramBotService - Foydalanuvchi xabari: /start
2025-03-03 22:42:52 [pool-2-thread-28] INFO  org.botcontrol.botservice.TelegramBotService - /start komandasi qabul qilindi
2025-03-03 22:42:52 [pool-2-thread-28] INFO  org.botcontrol.botcommands.botplayer.MainMenuCmd - Kabinet menyusi ko'rsatilmoqda (User: 7458373601)
2025-03-03 22:42:52 [pool-2-thread-28] INFO  org.botcontrol.botservice.dbservice.DB - ✅ message_id yangilandi: userId=7458373601, messageId=4471
2025-03-03 22:42:52 [OkHttp https://api.telegram.org/...] INFO  org.botcontrol.Main - 1 ta yangi update qabul qilindi
2025-03-03 22:42:52 [pool-2-thread-29] INFO  org.botcontrol.botcommands.botplayer.SelectionSymbolCmd - Belgi tanlash menyusi ko'rsatilmoqda (User: 249936488)
2025-03-03 22:42:53 [pool-2-thread-29] INFO  org.botcontrol.botservice.dbservice.DB - ✅ message_id yangilandi: userId=249936488, messageId=4462
2025-03-03 22:42:53 [pool-2-thread-29] INFO  org.botcontrol.botservice.dbservice.DB - ✅ user_state yangilandi: SYMBOL_CHOOSING
2025-03-03 22:42:55 [OkHttp https://api.telegram.org/...] INFO  org.botcontrol.Main - 1 ta yangi update qabul qilindi
2025-03-03 22:42:56 [pool-2-thread-30] INFO  org.botcontrol.botservice.dbservice.DB - ✅ message_id yangilandi: userId=6513286717, messageId=4469
2025-03-03 22:42:56 [OkHttp https://api.telegram.org/...] INFO  org.botcontrol.Main - 1 ta yangi update qabul qilindi
2025-03-03 22:42:57 [pool-2-thread-31] INFO  org.botcontrol.botservice.dbservice.DB - ✅ message_id yangilandi: userId=249936488, messageId=4462
2025-03-03 22:42:57 [OkHttp https://api.telegram.org/...] INFO  org.botcontrol.Main - 1 ta yangi update qabul qilindi
2025-03-03 22:42:58 [OkHttp https://api.telegram.org/...] INFO  org.botcontrol.Main - 1 ta yangi update qabul qilindi
2025-03-03 22:42:58 [OkHttp https://api.telegram.org/...] INFO  org.botcontrol.Main - 1 ta yangi update qabul qilindi
2025-03-03 22:42:59 [OkHttp https://api.telegram.org/...] INFO  org.botcontrol.Main - 1 ta yangi update qabul qilindi
2025-03-03 22:42:59 [pool-2-thread-34] INFO  org.botcontrol.botservice.dbservice.DB - ✅ message_id yangilandi: userId=6513286717, messageId=4472
2025-03-03 22:42:59 [pool-2-thread-34] INFO  org.botcontrol.botservice.dbservice.DB - ✅ user_state yangilandi: CABINET
2025-03-03 22:43:02 [OkHttp https://api.telegram.org/...] INFO  org.botcontrol.Main - 1 ta yangi update qabul qilindi
2025-03-03 22:43:03 [OkHttp https://api.telegram.org/...] INFO  org.botcontrol.Main - 1 ta yangi update qabul qilindi
2025-03-03 22:43:03 [pool-2-thread-37] INFO  org.botcontrol.botcommands.botplayer.SelectionSymbolCmd - Belgi tanlash menyusi ko'rsatilmoqda (User: 6513286717)
2025-03-03 22:43:03 [pool-2-thread-37] INFO  org.botcontrol.botservice.dbservice.DB - ✅ message_id yangilandi: userId=6513286717, messageId=4472
2025-03-03 22:43:03 [pool-2-thread-37] INFO  org.botcontrol.botservice.dbservice.DB - ✅ user_state yangilandi: SYMBOL_CHOOSING
2025-03-03 22:43:05 [OkHttp https://api.telegram.org/...] INFO  org.botcontrol.Main - 1 ta yangi update qabul qilindi
2025-03-03 22:43:05 [OkHttp https://api.telegram.org/...] INFO  org.botcontrol.Main - 1 ta yangi update qabul qilindi
2025-03-03 22:43:06 [pool-2-thread-39] INFO  org.botcontrol.botservice.dbservice.DB - ✅ message_id yangilandi: userId=6513286717, messageId=4472
2025-03-03 22:43:07 [OkHttp https://api.telegram.org/...] INFO  org.botcontrol.Main - 1 ta yangi update qabul qilindi
2025-03-03 22:43:08 [OkHttp https://api.telegram.org/...] INFO  org.botcontrol.Main - 1 ta yangi update qabul qilindi
2025-03-03 22:43:10 [OkHttp https://api.telegram.org/...] INFO  org.botcontrol.Main - 1 ta yangi update qabul qilindi
2025-03-03 22:43:11 [OkHttp https://api.telegram.org/...] INFO  org.botcontrol.Main - 1 ta yangi update qabul qilindi
2025-03-03 22:43:12 [OkHttp https://api.telegram.org/...] INFO  org.botcontrol.Main - 1 ta yangi update qabul qilindi
2025-03-03 22:43:13 [pool-2-thread-44] INFO  org.botcontrol.botservice.dbservice.DB - ✅ message_id yangilandi: userId=6513286717, messageId=4473
2025-03-03 22:43:13 [pool-2-thread-44] INFO  org.botcontrol.botservice.dbservice.DB - ✅ user_state yangilandi: CABINET
2025-03-03 22:43:13 [OkHttp https://api.telegram.org/...] INFO  org.botcontrol.Main - 1 ta yangi update qabul qilindi
2025-03-03 22:43:15 [OkHttp https://api.telegram.org/...] INFO  org.botcontrol.Main - 1 ta yangi update qabul qilindi
2025-03-03 22:43:16 [pool-2-thread-46] INFO  org.botcontrol.botservice.dbservice.DB - ✅ message_id yangilandi: userId=249936488, messageId=4474
2025-03-03 22:43:16 [pool-2-thread-46] INFO  org.botcontrol.botservice.dbservice.DB - ✅ user_state yangilandi: CABINET
2025-03-03 22:43:22 [OkHttp https://api.telegram.org/...] INFO  org.botcontrol.Main - 1 ta yangi update qabul qilindi
2025-03-03 22:43:22 [pool-2-thread-47] INFO  org.botcontrol.botcommands.botplayer.AssistanceCmd - Yordam so'rovi qabul qilindi (User: 249936488)
2025-03-03 22:43:22 [pool-2-thread-47] INFO  org.botcontrol.botservice.dbservice.DB - ✅ message_id yangilandi: userId=249936488, messageId=4474
2025-03-03 22:43:22 [pool-2-thread-47] ERROR org.botcontrol.botservice.dbservice.DB - ⚠️ Foydalanuvchi topilmadi! state: INFO_GAME
2025-03-03 22:43:23 [OkHttp https://api.telegram.org/...] INFO  org.botcontrol.Main - 1 ta yangi update qabul qilindi
2025-03-03 22:43:23 [pool-2-thread-48] INFO  org.botcontrol.botcommands.botplayer.StatisticsCmd - Statistika ko'rsatilmoqda (User: 6513286717)
2025-03-03 22:43:23 [pool-2-thread-48] INFO  org.botcontrol.botservice.dbservice.DB - ✅ message_id yangilandi: userId=6513286717, messageId=4473
2025-03-03 22:43:23 [pool-2-thread-48] INFO  org.botcontrol.botservice.dbservice.DB - ✅ user_state yangilandi: CABINET
2025-03-03 22:43:25 [OkHttp https://api.telegram.org/...] INFO  org.botcontrol.Main - 1 ta yangi update qabul qilindi
2025-03-03 22:43:25 [pool-2-thread-49] INFO  org.botcontrol.botcommands.botplayer.StatisticsCmd - Statistika ko'rsatilmoqda (User: 6513286717)
2025-03-03 22:43:25 [pool-2-thread-49] INFO  org.botcontrol.botservice.dbservice.DB - ✅ message_id yangilandi: userId=6513286717, messageId=4473
2025-03-03 22:43:25 [pool-2-thread-49] INFO  org.botcontrol.botservice.dbservice.DB - ✅ user_state yangilandi: CABINET
2025-03-03 22:43:26 [OkHttp https://api.telegram.org/...] INFO  org.botcontrol.Main - 1 ta yangi update qabul qilindi
2025-03-03 22:43:26 [pool-2-thread-50] INFO  org.botcontrol.botcommands.botplayer.StatisticsCmd - Statistika ko'rsatilmoqda (User: 6513286717)
2025-03-03 22:43:27 [pool-2-thread-50] INFO  org.botcontrol.botservice.dbservice.DB - ✅ message_id yangilandi: userId=6513286717, messageId=4473
2025-03-03 22:43:27 [pool-2-thread-50] INFO  org.botcontrol.botservice.dbservice.DB - ✅ user_state yangilandi: CABINET
2025-03-03 22:43:29 [OkHttp https://api.telegram.org/...] INFO  org.botcontrol.Main - 1 ta yangi update qabul qilindi
2025-03-03 22:43:29 [pool-2-thread-5] INFO  org.botcontrol.botservice.dbservice.DB - ✅ message_id yangilandi: userId=6513286717, messageId=4473
2025-03-03 22:43:29 [pool-2-thread-5] INFO  org.botcontrol.botservice.dbservice.DB - ✅ user_state yangilandi: LEVEL_DIFFICULTY_CABINET
2025-03-03 22:43:34 [OkHttp https://api.telegram.org/...] INFO  org.botcontrol.Main - 1 ta yangi update qabul qilindi
2025-03-03 22:43:34 [pool-2-thread-3] INFO  org.botcontrol.botservice.dbservice.DB - ✅ Qiyinchilik darajasi yangilandi: hard
2025-03-03 22:43:34 [pool-2-thread-3] INFO  org.botcontrol.botservice.dbservice.DB - ✅ message_id yangilandi: userId=6513286717, messageId=4473
2025-03-03 22:43:34 [pool-2-thread-3] INFO  org.botcontrol.botservice.dbservice.DB - ✅ user_state yangilandi: CHANGE_DIFFICULTY_LEVEL
2025-03-03 22:43:38 [OkHttp https://api.telegram.org/...] INFO  org.botcontrol.Main - 1 ta yangi update qabul qilindi
2025-03-03 22:43:38 [pool-2-thread-4] INFO  org.botcontrol.botcommands.botplayer.LanguageMainMenuCmd - Til tanlash menyusi ko'rsatilmoqda (User: 249936488)
2025-03-03 22:43:38 [pool-2-thread-4] INFO  org.botcontrol.botservice.dbservice.DB - ✅ message_id yangilandi: userId=249936488, messageId=4474
2025-03-03 22:43:38 [pool-2-thread-4] INFO  org.botcontrol.botservice.dbservice.DB - ✅ user_state yangilandi: LANG_MENU
2025-03-03 22:43:44 [OkHttp https://api.telegram.org/...] INFO  org.botcontrol.Main - 1 ta yangi update qabul qilindi
2025-03-03 22:43:44 [pool-2-thread-2] INFO  org.botcontrol.botcommands.botplayer.ChangeLanguageCmd - Til o'zgartirilmoqda: uz
2025-03-03 22:43:44 [pool-2-thread-2] INFO  org.botcontrol.botservice.dbservice.DB - ✅ message_id yangilandi: userId=249936488, messageId=4474
2025-03-03 22:43:44 [pool-2-thread-2] ERROR org.botcontrol.botservice.dbservice.DB - ⚠️ Foydalanuvchi topilmadi! state: CABINET
2025-03-03 22:46:04 [OkHttp https://api.telegram.org/...] INFO  org.botcontrol.Main - 1 ta yangi update qabul qilindi
2025-03-03 22:46:04 [pool-2-thread-12] INFO  org.botcontrol.botservice.TelegramBotService - Foydalanuvchi xabari: /start
2025-03-03 22:46:04 [pool-2-thread-12] INFO  org.botcontrol.botservice.TelegramBotService - /start komandasi qabul qilindi
2025-03-03 22:46:04 [pool-2-thread-12] INFO  org.botcontrol.botcommands.botplayer.MainMenuCmd - Kabinet menyusi ko'rsatilmoqda (User: 8011306194)
2025-03-03 22:46:04 [pool-2-thread-12] INFO  org.botcontrol.botservice.dbservice.DB - ✅ message_id yangilandi: userId=8011306194, messageId=4476
2025-03-03 22:46:08 [OkHttp https://api.telegram.org/...] INFO  org.botcontrol.Main - 1 ta yangi update qabul qilindi
2025-03-03 22:46:08 [pool-2-thread-17] INFO  org.botcontrol.botcommands.botplayer.LanguageMainMenuCmd - Til tanlash menyusi ko'rsatilmoqda (User: 8011306194)
2025-03-03 22:46:08 [pool-2-thread-17] INFO  org.botcontrol.botservice.dbservice.DB - ✅ message_id yangilandi: userId=8011306194, messageId=4476
2025-03-03 22:46:08 [pool-2-thread-17] INFO  org.botcontrol.botservice.dbservice.DB - ✅ user_state yangilandi: LANG_MENU
2025-03-03 22:46:10 [OkHttp https://api.telegram.org/...] INFO  org.botcontrol.Main - 1 ta yangi update qabul qilindi
2025-03-03 22:46:10 [pool-2-thread-19] INFO  org.botcontrol.botcommands.botplayer.ChangeLanguageCmd - Til o'zgartirilmoqda: en
2025-03-03 22:46:10 [pool-2-thread-19] INFO  org.botcontrol.botservice.dbservice.DB - ✅ message_id yangilandi: userId=8011306194, messageId=4476
2025-03-03 22:46:10 [pool-2-thread-19] ERROR org.botcontrol.botservice.dbservice.DB - ⚠️ Foydalanuvchi topilmadi! state: CABINET
2025-03-03 22:46:17 [OkHttp https://api.telegram.org/...] INFO  org.botcontrol.Main - 1 ta yangi update qabul qilindi
2025-03-03 22:46:17 [pool-2-thread-10] INFO  org.botcontrol.botservice.TelegramBotService - Foydalanuvchi xabari: Ok
2025-03-03 22:46:17 [pool-2-thread-10] WARN  org.botcontrol.botcommands.botplayer.WarningHandlerCmd - Ogohlantirish xabari yuborilmoqda (User: 8011306194)
2025-03-03 22:46:18 [pool-2-thread-10] INFO  org.botcontrol.botcommands.botplayer.MainMenuCmd - Kabinet menyusi ko'rsatilmoqda (User: 8011306194)
2025-03-03 22:46:18 [pool-2-thread-10] INFO  org.botcontrol.botservice.dbservice.DB - ✅ message_id yangilandi: userId=8011306194, messageId=4478
2025-03-03 22:46:30 [OkHttp https://api.telegram.org/...] INFO  org.botcontrol.Main - 1 ta yangi update qabul qilindi
2025-03-03 22:47:04 [OkHttp https://api.telegram.org/...] INFO  org.botcontrol.Main - 1 ta yangi update qabul qilindi
2025-03-03 22:47:04 [pool-2-thread-15] INFO  org.botcontrol.botservice.TelegramBotService - Foydalanuvchi xabari: /start
2025-03-03 22:47:04 [pool-2-thread-15] INFO  org.botcontrol.botservice.TelegramBotService - /start komandasi qabul qilindi
2025-03-03 22:47:04 [pool-2-thread-15] WARN  org.botcontrol.botcommands.botplayer.WarningHandlerCmd - Ogohlantirish xabari yuborilmoqda (User: 6513286717)
2025-03-03 22:47:04 [pool-2-thread-15] INFO  org.botcontrol.botcommands.botplayer.MainMenuCmd - Kabinet menyusi ko'rsatilmoqda (User: 6513286717)
2025-03-03 22:47:04 [pool-2-thread-15] INFO  org.botcontrol.botservice.dbservice.DB - ✅ message_id yangilandi: userId=6513286717, messageId=4480
2025-03-03 22:47:06 [OkHttp https://api.telegram.org/...] INFO  org.botcontrol.Main - 1 ta yangi update qabul qilindi
2025-03-03 22:47:06 [pool-2-thread-11] INFO  org.botcontrol.botcommands.botplayer.StatisticsCmd - Statistika ko'rsatilmoqda (User: 6513286717)
2025-03-03 22:47:06 [pool-2-thread-11] INFO  org.botcontrol.botservice.dbservice.DB - ✅ message_id yangilandi: userId=6513286717, messageId=4480
2025-03-03 22:47:06 [pool-2-thread-11] INFO  org.botcontrol.botservice.dbservice.DB - ✅ user_state yangilandi: CABINET
2025-03-03 22:47:12 [OkHttp https://api.telegram.org/...] INFO  org.botcontrol.Main - 1 ta yangi update qabul qilindi
2025-03-03 22:47:12 [pool-2-thread-7] INFO  org.botcontrol.botcommands.botplayer.SelectionSymbolCmd - Belgi tanlash menyusi ko'rsatilmoqda (User: 6513286717)
2025-03-03 22:47:12 [pool-2-thread-7] INFO  org.botcontrol.botservice.dbservice.DB - ✅ message_id yangilandi: userId=6513286717, messageId=4480
2025-03-03 22:47:12 [pool-2-thread-7] INFO  org.botcontrol.botservice.dbservice.DB - ✅ user_state yangilandi: SYMBOL_CHOOSING
2025-03-03 22:47:14 [OkHttp https://api.telegram.org/...] INFO  org.botcontrol.Main - 1 ta yangi update qabul qilindi
2025-03-03 22:47:14 [pool-2-thread-1] INFO  org.botcontrol.botservice.dbservice.DB - ✅ message_id yangilandi: userId=6513286717, messageId=4480
2025-03-03 22:47:19 [OkHttp https://api.telegram.org/...] INFO  org.botcontrol.Main - 1 ta yangi update qabul qilindi
2025-03-03 22:47:20 [OkHttp https://api.telegram.org/...] INFO  org.botcontrol.Main - 1 ta yangi update qabul qilindi
2025-03-03 22:47:22 [OkHttp https://api.telegram.org/...] INFO  org.botcontrol.Main - 1 ta yangi update qabul qilindi
2025-03-03 22:47:23 [OkHttp https://api.telegram.org/...] INFO  org.botcontrol.Main - 1 ta yangi update qabul qilindi
2025-03-03 22:47:24 [pool-2-thread-18] INFO  org.botcontrol.botservice.dbservice.DB - ✅ message_id yangilandi: userId=6513286717, messageId=4481
2025-03-03 22:47:24 [pool-2-thread-18] INFO  org.botcontrol.botservice.dbservice.DB - ✅ user_state yangilandi: CABINET
2025-03-03 22:48:14 [main] INFO  org.botcontrol.Main - Telegram bot ishga tushmoqda...
2025-03-03 22:48:14 [main] INFO  org.botcontrol.Main - Bot muvaffaqiyatli ishga tushdi!
2025-03-03 22:48:20 [OkHttp https://api.telegram.org/...] INFO  org.botcontrol.Main - 1 ta yangi update qabul qilindi
2025-03-03 22:48:20 [pool-2-thread-1] INFO  org.botcontrol.botservice.TelegramBotService - Foydalanuvchi xabari: /start
2025-03-03 22:48:20 [pool-2-thread-1] INFO  org.botcontrol.botservice.TelegramBotService - /start komandasi qabul qilindi
2025-03-03 22:48:20 [pool-2-thread-1] WARN  org.botcontrol.botcommands.botplayer.WarningHandlerCmd - Ogohlantirish xabari yuborilmoqda (User: 6513286717)
2025-03-03 22:48:20 [pool-2-thread-1] ERROR org.botcontrol.botservice.TelegramBotService - ResourceBundle yuklanmagan! Qayta yuklashga harakat qilamiz.
2025-03-03 22:48:20 [pool-2-thread-1] INFO  org.botcontrol.botcommands.botplayer.MainMenuCmd - Kabinet menyusi ko'rsatilmoqda (User: 6513286717)
2025-03-03 22:48:20 [pool-2-thread-1] INFO  org.botcontrol.botservice.dbservice.DB - ✅ message_id yangilandi: userId=6513286717, messageId=4483
2025-03-03 22:48:29 [OkHttp https://api.telegram.org/...] INFO  org.botcontrol.Main - 1 ta yangi update qabul qilindi
2025-03-03 22:48:29 [pool-2-thread-2] INFO  org.botcontrol.botcommands.botplayer.SelectionSymbolCmd - Belgi tanlash menyusi ko'rsatilmoqda (User: 6513286717)
2025-03-03 22:48:29 [pool-2-thread-2] INFO  org.botcontrol.botservice.dbservice.DB - ✅ message_id yangilandi: userId=6513286717, messageId=4483
2025-03-03 22:48:29 [pool-2-thread-2] INFO  org.botcontrol.botservice.dbservice.DB - ✅ user_state yangilandi: SYMBOL_CHOOSING
2025-03-03 22:48:36 [OkHttp https://api.telegram.org/...] INFO  org.botcontrol.Main - 1 ta yangi update qabul qilindi
2025-03-03 22:48:36 [pool-2-thread-3] INFO  org.botcontrol.botcommands.botplayer.StatisticsCmd - Statistika ko'rsatilmoqda (User: 6513286717)
2025-03-03 22:48:36 [pool-2-thread-3] INFO  org.botcontrol.botservice.dbservice.DB - ✅ message_id yangilandi: userId=6513286717, messageId=4483
2025-03-03 22:48:36 [pool-2-thread-3] INFO  org.botcontrol.botservice.dbservice.DB - ✅ user_state yangilandi: CABINET
2025-03-03 22:48:38 [OkHttp https://api.telegram.org/...] INFO  org.botcontrol.Main - 1 ta yangi update qabul qilindi
2025-03-03 22:48:38 [pool-2-thread-4] INFO  org.botcontrol.botcommands.botplayer.SelectionSymbolCmd - Belgi tanlash menyusi ko'rsatilmoqda (User: 6513286717)
2025-03-03 22:48:38 [pool-2-thread-4] INFO  org.botcontrol.botservice.dbservice.DB - ✅ message_id yangilandi: userId=6513286717, messageId=4483
2025-03-03 22:48:38 [pool-2-thread-4] INFO  org.botcontrol.botservice.dbservice.DB - ✅ user_state yangilandi: SYMBOL_CHOOSING
2025-03-03 22:48:39 [OkHttp https://api.telegram.org/...] INFO  org.botcontrol.Main - 1 ta yangi update qabul qilindi
2025-03-03 22:48:39 [pool-2-thread-5] INFO  org.botcontrol.botservice.dbservice.DB - ✅ message_id yangilandi: userId=6513286717, messageId=4483
2025-03-03 22:48:43 [OkHttp https://api.telegram.org/...] INFO  org.botcontrol.Main - 1 ta yangi update qabul qilindi
2025-03-03 22:48:43 [pool-2-thread-6] INFO  org.botcontrol.botservice.TelegramBotService - Foydalanuvchi xabari: /start
2025-03-03 22:48:43 [pool-2-thread-6] INFO  org.botcontrol.botservice.TelegramBotService - /start komandasi qabul qilindi
2025-03-03 22:48:43 [pool-2-thread-6] WARN  org.botcontrol.botcommands.botplayer.WarningHandlerCmd - Ogohlantirish xabari yuborilmoqda (User: 6513286717)
2025-03-03 22:48:43 [pool-2-thread-6] INFO  org.botcontrol.botcommands.botplayer.MainMenuCmd - Kabinet menyusi ko'rsatilmoqda (User: 6513286717)
2025-03-03 22:48:44 [pool-2-thread-6] INFO  org.botcontrol.botservice.dbservice.DB - ✅ message_id yangilandi: userId=6513286717, messageId=4485
2025-03-03 22:48:45 [OkHttp https://api.telegram.org/...] INFO  org.botcontrol.Main - 1 ta yangi update qabul qilindi
2025-03-03 22:48:45 [pool-2-thread-7] INFO  org.botcontrol.botcommands.botplayer.SelectionSymbolCmd - Belgi tanlash menyusi ko'rsatilmoqda (User: 6513286717)
2025-03-03 22:48:45 [pool-2-thread-7] INFO  org.botcontrol.botservice.dbservice.DB - ✅ message_id yangilandi: userId=6513286717, messageId=4485
2025-03-03 22:48:45 [pool-2-thread-7] INFO  org.botcontrol.botservice.dbservice.DB - ✅ user_state yangilandi: SYMBOL_CHOOSING
2025-03-03 22:48:46 [OkHttp https://api.telegram.org/...] INFO  org.botcontrol.Main - 1 ta yangi update qabul qilindi
2025-03-03 22:48:47 [pool-2-thread-8] INFO  org.botcontrol.botservice.dbservice.DB - ✅ message_id yangilandi: userId=6513286717, messageId=4485
2025-03-03 22:50:00 [OkHttp https://api.telegram.org/...] INFO  org.botcontrol.Main - 1 ta yangi update qabul qilindi
2025-03-03 22:50:00 [pool-2-thread-9] INFO  org.botcontrol.botservice.TelegramBotService - Foydalanuvchi xabari: /start
2025-03-03 22:50:00 [pool-2-thread-9] INFO  org.botcontrol.botservice.TelegramBotService - /start komandasi qabul qilindi
2025-03-03 22:50:00 [pool-2-thread-9] WARN  org.botcontrol.botcommands.botplayer.WarningHandlerCmd - Ogohlantirish xabari yuborilmoqda (User: 6513286717)
2025-03-03 22:50:00 [pool-2-thread-9] INFO  org.botcontrol.botcommands.botplayer.MainMenuCmd - Kabinet menyusi ko'rsatilmoqda (User: 6513286717)
2025-03-03 22:50:01 [pool-2-thread-9] INFO  org.botcontrol.botservice.dbservice.DB - ✅ message_id yangilandi: userId=6513286717, messageId=4487
2025-03-03 22:50:02 [OkHttp https://api.telegram.org/...] INFO  org.botcontrol.Main - 1 ta yangi update qabul qilindi
2025-03-03 22:50:02 [pool-2-thread-10] INFO  org.botcontrol.botcommands.botplayer.SelectionSymbolCmd - Belgi tanlash menyusi ko'rsatilmoqda (User: 6513286717)
2025-03-03 22:50:02 [pool-2-thread-10] INFO  org.botcontrol.botservice.dbservice.DB - ✅ message_id yangilandi: userId=6513286717, messageId=4487
2025-03-03 22:50:02 [pool-2-thread-10] INFO  org.botcontrol.botservice.dbservice.DB - ✅ user_state yangilandi: SYMBOL_CHOOSING
2025-03-03 22:50:04 [OkHttp https://api.telegram.org/...] INFO  org.botcontrol.Main - 1 ta yangi update qabul qilindi
2025-03-03 22:50:04 [pool-2-thread-11] INFO  org.botcontrol.botcommands.botplayer.StatisticsCmd - Statistika ko'rsatilmoqda (User: 6513286717)
2025-03-03 22:50:04 [pool-2-thread-11] INFO  org.botcontrol.botservice.dbservice.DB - ✅ message_id yangilandi: userId=6513286717, messageId=4487
2025-03-03 22:50:04 [pool-2-thread-11] INFO  org.botcontrol.botservice.dbservice.DB - ✅ user_state yangilandi: CABINET
2025-03-03 22:50:17 [OkHttp https://api.telegram.org/...] INFO  org.botcontrol.Main - 1 ta yangi update qabul qilindi
2025-03-03 22:50:17 [pool-2-thread-12] INFO  org.botcontrol.botcommands.botplayer.SelectionSymbolCmd - Belgi tanlash menyusi ko'rsatilmoqda (User: 6513286717)
2025-03-03 22:50:18 [pool-2-thread-12] INFO  org.botcontrol.botservice.dbservice.DB - ✅ message_id yangilandi: userId=6513286717, messageId=4487
2025-03-03 22:50:18 [pool-2-thread-12] INFO  org.botcontrol.botservice.dbservice.DB - ✅ user_state yangilandi: SYMBOL_CHOOSING
2025-03-03 22:50:20 [OkHttp https://api.telegram.org/...] INFO  org.botcontrol.Main - 1 ta yangi update qabul qilindi
2025-03-03 22:50:20 [pool-2-thread-13] INFO  org.botcontrol.botservice.dbservice.DB - ✅ message_id yangilandi: userId=6513286717, messageId=4487
2025-03-03 22:50:24 [OkHttp https://api.telegram.org/...] INFO  org.botcontrol.Main - 1 ta yangi update qabul qilindi
2025-03-03 22:50:25 [OkHttp https://api.telegram.org/...] INFO  org.botcontrol.Main - 1 ta yangi update qabul qilindi
2025-03-03 22:50:26 [OkHttp https://api.telegram.org/...] INFO  org.botcontrol.Main - 1 ta yangi update qabul qilindi
2025-03-03 22:50:28 [OkHttp https://api.telegram.org/...] INFO  org.botcontrol.Main - 1 ta yangi update qabul qilindi
2025-03-03 22:50:29 [OkHttp https://api.telegram.org/...] INFO  org.botcontrol.Main - 1 ta yangi update qabul qilindi
2025-03-03 22:50:30 [pool-2-thread-18] INFO  org.botcontrol.botservice.dbservice.DB - ✅ message_id yangilandi: userId=6513286717, messageId=4488
2025-03-03 22:50:30 [pool-2-thread-18] INFO  org.botcontrol.botservice.dbservice.DB - ✅ user_state yangilandi: CABINET
